2015-01-15T11:57:53 Checking update-file '/usr/share/kde4/apps/kconf_update/devicepreference.upd' for new updates
2015-01-15T11:57:53 devicepreference.upd: Found new update 'DevicesMovedToPlatformPlugin'
2015-01-15T11:57:53 devicepreference.upd: Running script 'phonon_devicepreference_update'
2015-01-15T11:57:53 devicepreference.upd: Found new update 'DevicesUIDsChanged'
2015-01-15T11:57:53 devicepreference.upd: Running script 'phonon_deviceuids_update'
2015-01-15T11:57:53 Checking update-file '/usr/share/kde4/apps/kconf_update/kwin_update_411.upd' for new updates
2015-01-15T11:57:53 kwin_update_411.upd: Found new update 'Kwin-4.11_0'
2015-01-15T11:57:53 kwin_update_411.upd: Running script 'kwin_update_settings_411'
2015-01-15T11:57:53 Checking update-file '/usr/share/kde4/apps/kconf_update/drkonqi-rename-config-section.upd' for new updates
2015-01-15T11:57:53 drkonqi-rename-config-section.upd: Found new update 'kde-4.11'
2015-01-15T11:57:53 drkonqi-rename-config-section.upd: File 'drkonqirc' does not exist or empty, skipping
2015-01-15T11:57:53 Checking update-file '/usr/share/kde4/apps/kconf_update/mailtransports.upd' for new updates
2015-01-15T11:57:53 mailtransports.upd: Found new update 'initial-kmail-migration'
2015-01-15T11:57:53 mailtransports.upd: File 'kmailrc' does not exist or empty, skipping
2015-01-15T11:57:53 mailtransports.upd: Found new update 'initial-knode-migration'
2015-01-15T11:57:53 mailtransports.upd: File 'knoderc' does not exist or empty, skipping
2015-01-15T11:57:53 Checking update-file '/usr/share/kde4/apps/kconf_update/kopete-pluginloader.upd' for new updates
2015-01-15T11:57:53 kopete-pluginloader.upd: Found new update 'kopete0.7/r1'
2015-01-15T11:57:53 kopete-pluginloader.upd: Skipping update 'kopete0.7/r1'
2015-01-15T11:57:54 Checking update-file '/usr/share/kde4/apps/kconf_update/krdb_libpathwipe.upd' for new updates
2015-01-15T11:57:54 krdb_libpathwipe.upd: Found new update 'LibraryPathWipeOut'
2015-01-15T11:57:54 krdb_libpathwipe.upd: Running script 'krdb_clearlibrarypath'
2015-01-15T11:57:54 Checking update-file '/usr/share/kde4/apps/kconf_update/kwin_update_tabbox_settings.upd' for new updates
2015-01-15T11:57:54 kwin_update_tabbox_settings.upd: Found new update 'Kwin-4.4'
2015-01-15T11:57:54 kwin_update_tabbox_settings.upd: Running script 'kwin_update_tabbox_settings'
2015-01-15T11:57:54 Checking update-file '/usr/share/kde4/apps/kconf_update/oxygen.upd' for new updates
2015-01-15T11:57:54 oxygen.upd: Found new update '1'
2015-01-15T11:57:54 oxygen.upd: Running script 'update_oxygen.pl'
2015-01-15T11:57:54 Checking update-file '/usr/share/kde4/apps/kconf_update/kate-2.4.upd' for new updates
2015-01-15T11:57:54 kate-2.4.upd: Found new update 'kate2.4'
2015-01-15T11:57:54 kate-2.4.upd: Skipping update 'kate2.4'
2015-01-15T11:57:54 Checking update-file '/usr/share/kde4/apps/kconf_update/kget.upd' for new updates
2015-01-15T11:57:54 kget.upd: Found new update '2.8.0'
2015-01-15T11:57:54 kget.upd: File 'kgetrc' does not exist or empty, skipping
2015-01-15T11:57:54 kget.upd: Found new update '2.8.0/multiseg'
2015-01-15T11:57:54 kget.upd: File 'kget_multisegkiofactory.rc' does not exist or empty, skipping
2015-01-15T11:57:54 kget.upd: Found new update '2.8.0/sensitive'
2015-01-15T11:57:54 kget.upd: File 'kgetrc' does not exist or empty, skipping
2015-01-15T11:57:54 kget.upd: Found new update '2.8.0/limitdownloads'
2015-01-15T11:57:54 kget.upd: File 'kgetrc' does not exist or empty, skipping
2015-01-15T11:57:54 Checking update-file '/usr/share/kde4/apps/kconf_update/kopete-initialstatus.upd' for new updates
2015-01-15T11:57:54 kopete-initialstatus.upd: Found new update 'kopete0.60.80/r1'
2015-01-15T11:57:54 kopete-initialstatus.upd: Running script 'kopete-initialstatus.pl'
2015-01-15T11:57:54 kopete-initialstatus.upd: Script removes kopeterc:Behavior:autoConnect
2015-01-15T11:57:54 Checking update-file '/usr/share/kde4/apps/kconf_update/kpgp.upd' for new updates
2015-01-15T11:57:54 kpgp.upd: Found new update 'preKDE3_a'
2015-01-15T11:57:54 kpgp.upd: Skipping update 'preKDE3_a'
2015-01-15T11:57:54 kpgp.upd: Found new update '3.1-1'
2015-01-15T11:57:54 kpgp.upd: Skipping update '3.1-1'
2015-01-15T11:57:54 Checking update-file '/usr/share/kde4/apps/kconf_update/kwin_translate_activity_rule.upd' for new updates
2015-01-15T11:57:54 kwin_translate_activity_rule.upd: Found new update 'Kwin-4.10'
2015-01-15T11:57:54 kwin_translate_activity_rule.upd: Running script 'kwin_translate_activity_rule.sh'
2015-01-15T11:57:54 Checking update-file '/usr/share/kde4/apps/kconf_update/klipper-kconfigxt.upd' for new updates
2015-01-15T11:57:54 klipper-kconfigxt.upd: Found new update 'KlipperNoSpacesInKeyNames'
2015-01-15T11:57:54 Checking update-file '/usr/share/kde4/apps/kconf_update/kwin_remove_effects.upd' for new updates
2015-01-15T11:57:54 kwin_remove_effects.upd: Found new update 'kwin4.7_effects'
2015-01-15T11:57:54 Checking update-file '/usr/share/kde4/apps/kconf_update/kioslave.upd' for new updates
2015-01-15T11:57:54 kioslave.upd: Found new update 'kde2.2/r1'
2015-01-15T11:57:54 kioslave.upd: Skipping update 'kde2.2/r1'
2015-01-15T11:57:54 kioslave.upd: Found new update 'kde2.2/r2'
2015-01-15T11:57:54 kioslave.upd: Skipping update 'kde2.2/r2'
2015-01-15T11:57:54 kioslave.upd: Found new update 'kde2.2/r3'
2015-01-15T11:57:54 kioslave.upd: Running script 'proxytype.pl'
2015-01-15T11:57:54 kioslave.upd: Script removes kioslaverc:Proxy Settings:UseProxy
2015-01-15T11:57:54 Checking update-file '/usr/share/kde4/apps/kconf_update/kile.upd' for new updates
2015-01-15T11:57:54 kile.upd: Found new update 'Kile1.5v1'
2015-01-15T11:57:54 kile.upd: File 'kilerc' does not exist or empty, skipping
2015-01-15T11:57:54 kile.upd: Found new update 'Kile1.6v1'
2015-01-15T11:57:54 kile.upd: File 'kilerc' does not exist or empty, skipping
2015-01-15T11:57:54 kile.upd: Found new update 'Kile1.7v1'
2015-01-15T11:57:54 kile.upd: File 'kilerc' does not exist or empty, skipping
2015-01-15T11:57:54 kile.upd: Found new update 'Kile1.9v1'
2015-01-15T11:57:54 kile.upd: File 'kilerc' does not exist or empty, skipping
2015-01-15T11:57:54 kile.upd: Found new update 'Kile1.9v2'
2015-01-15T11:57:54 kile.upd: File 'kilerc' does not exist or empty, skipping
2015-01-15T11:57:54 kile.upd: Found new update 'Kile2.0v1'
2015-01-15T11:57:54 kile.upd: File 'kilerc' does not exist or empty, skipping
2015-01-15T11:57:54 kile.upd: Found new update 'Kile2.0v2'
2015-01-15T11:57:54 kile.upd: File 'kilerc' does not exist or empty, skipping
2015-01-15T11:57:54 kile.upd: Found new update 'Kile2.0v3'
2015-01-15T11:57:54 kile.upd: File 'kilerc' does not exist or empty, skipping
2015-01-15T11:57:54 kile.upd: Found new update 'Kile2.0v4'
2015-01-15T11:57:54 kile.upd: File 'kilerc' does not exist or empty, skipping
2015-01-15T11:57:54 kile.upd: Found new update 'Kile2.0v5'
2015-01-15T11:57:54 kile.upd: File 'kilerc' does not exist or empty, skipping
2015-01-15T11:57:54 Checking update-file '/usr/share/kde4/apps/kconf_update/kwin_fsp_workarounds_1.upd' for new updates
2015-01-15T11:57:54 kwin_fsp_workarounds_1.upd: Found new update 'kde351'
2015-01-15T11:57:54 kwin_fsp_workarounds_1.upd: Running script 'kwin_update_default_rules' with arguments 'fsp_workarounds_1.kwinrules'
2015-01-15T11:57:55 Checking update-file '/usr/share/kde4/apps/kconf_update/kwin_translate_confrequest_rule.upd' for new updates
2015-01-15T11:57:55 kwin_translate_confrequest_rule.upd: Found new update 'Kwin-4.11'
2015-01-15T11:57:55 kwin_translate_confrequest_rule.upd: Running script 'kwin_translate_confrequest_rule.sh'
2015-01-15T11:57:55 Checking update-file '/usr/share/kde4/apps/kconf_update/kopete-update_icq_server.upd' for new updates
2015-01-15T11:57:55 kopete-update_icq_server.upd: Found new update 'kopete-update-icq-server/r1'
2015-01-15T11:57:55 kopete-update_icq_server.upd: Running script 'kopete-update_icq_server.pl'
2015-01-15T11:57:55 Checking update-file '/usr/share/kde4/apps/kconf_update/kopete-nameTracking.upd' for new updates
2015-01-15T11:57:55 kopete-nameTracking.upd: Found new update 'kopete0.9/r1'
2015-01-15T11:57:55 kopete-nameTracking.upd: Skipping update 'kopete0.9/r1'
2015-01-15T11:57:55 Checking update-file '/usr/share/kde4/apps/kconf_update/kopete-jabberpriorityaddition-kconf_update.upd' for new updates
2015-01-15T11:57:55 kopete-jabberpriorityaddition-kconf_update.upd: Found new update 'kopete0.9/r1'
2015-01-15T11:57:55 kopete-jabberpriorityaddition-kconf_update.upd: Skipping update 'kopete0.9/r1'
2015-01-15T11:57:55 Checking update-file '/usr/share/kde4/apps/kconf_update/kgthemeprovider-migration.upd' for new updates
2015-01-15T11:57:55 kgthemeprovider-migration.upd: Found new update 'bomber'
2015-01-15T11:57:55 kgthemeprovider-migration.upd: File 'bomberrc' does not exist or empty, skipping
2015-01-15T11:57:55 kgthemeprovider-migration.upd: Found new update 'granatier'
2015-01-15T11:57:55 kgthemeprovider-migration.upd: File 'granatierrc' does not exist or empty, skipping
2015-01-15T11:57:55 kgthemeprovider-migration.upd: Found new update 'kbounce'
2015-01-15T11:57:55 kgthemeprovider-migration.upd: File 'kbouncerc' does not exist or empty, skipping
2015-01-15T11:57:55 kgthemeprovider-migration.upd: Found new update 'kbreakout'
2015-01-15T11:57:55 kgthemeprovider-migration.upd: File 'kbreakoutrc' does not exist or empty, skipping
2015-01-15T11:57:55 kgthemeprovider-migration.upd: Found new update 'kdiamond'
2015-01-15T11:57:55 kgthemeprovider-migration.upd: File 'kdiamondrc' does not exist or empty, skipping
2015-01-15T11:57:55 kgthemeprovider-migration.upd: Found new update 'killbots'
2015-01-15T11:57:55 kgthemeprovider-migration.upd: File 'killbotsrc' does not exist or empty, skipping
2015-01-15T11:57:55 kgthemeprovider-migration.upd: Found new update 'klickety'
2015-01-15T11:57:55 kgthemeprovider-migration.upd: File 'klickety' does not exist or empty, skipping
2015-01-15T11:57:55 kgthemeprovider-migration.upd: Found new update 'klines'
2015-01-15T11:57:55 kgthemeprovider-migration.upd: File 'klines' does not exist or empty, skipping
2015-01-15T11:57:55 kgthemeprovider-migration.upd: Found new update 'kmines'
2015-01-15T11:57:55 kgthemeprovider-migration.upd: File 'kmines' does not exist or empty, skipping
2015-01-15T11:57:55 kgthemeprovider-migration.upd: Found new update 'knetwalk'
2015-01-15T11:57:55 kgthemeprovider-migration.upd: File 'knetwalk' does not exist or empty, skipping
2015-01-15T11:57:55 kgthemeprovider-migration.upd: Found new update 'kpat'
2015-01-15T11:57:55 kgthemeprovider-migration.upd: File 'kpat' does not exist or empty, skipping
2015-01-15T11:57:55 Checking update-file '/usr/share/kde4/apps/kconf_update/kopete-update_icq_ssl.upd' for new updates
2015-01-15T11:57:55 kopete-update_icq_ssl.upd: Found new update 'kopete-update-icq-ssl/r1'
2015-01-15T11:57:55 kopete-update_icq_ssl.upd: Running script 'kopete-update_icq_ssl.pl'
2015-01-15T11:57:55 Checking update-file '/usr/share/kde4/apps/kconf_update/kcookiescfg.upd' for new updates
2015-01-15T11:57:55 kcookiescfg.upd: Found new update 'kde2.2/b1'
2015-01-15T11:57:55 kcookiescfg.upd: Skipping update 'kde2.2/b1'
2015-01-15T11:57:55 kcookiescfg.upd: Found new update 'kde3.1/cvs'
2015-01-15T11:57:55 kcookiescfg.upd: Skipping update 'kde3.1/cvs'
2015-01-15T11:57:55 kcookiescfg.upd: Found new update 'kde4.10/git'
2015-01-15T11:57:55 kcookiescfg.upd: Running script 'kcookiescfg.pl'
2015-01-15T11:57:55 kcookiescfg.upd: Script removes kcookiejarrc:Cookie Policy:IgnoreExpirationDate
2015-01-15T11:57:55 Checking update-file '/usr/share/kde4/apps/kconf_update/plasma-add-shortcut-to-menu.upd' for new updates
2015-01-15T11:57:55 plasma-add-shortcut-to-menu.upd: Found new update '4.1LauncherShortcut'
2015-01-15T11:57:55 plasma-add-shortcut-to-menu.upd:2:'Script=plasma-add-shortcut-to-menu-update': Script 'plasma-add-shortcut-to-menu-update' not found
2015-01-15T11:57:55 Checking update-file '/usr/share/kde4/apps/kconf_update/konsole_remove_background_mode.upd' for new updates
2015-01-15T11:57:55 konsole_remove_background_mode.upd: Found new update '2.11.0-remove-background-mode'
2015-01-15T11:57:55 Checking update-file '/usr/share/kde4/apps/kconf_update/kcalcrc.upd' for new updates
2015-01-15T11:57:55 kcalcrc.upd: Found new update 'KDE_3_2_0'
2015-01-15T11:57:55 kcalcrc.upd: File 'kcalcrc' does not exist or empty, skipping
2015-01-15T11:57:55 kcalcrc.upd: Found new update 'KDE_4_3_0'
2015-01-15T11:57:55 kcalcrc.upd: File 'kcalcrc' does not exist or empty, skipping
2015-01-15T11:57:55 Checking update-file '/usr/share/kde4/apps/kconf_update/kio_help.upd' for new updates
2015-01-15T11:57:55 kio_help.upd: Found new update 'kde3_2'
2015-01-15T11:57:55 kio_help.upd: Running script 'move_kio_help_cache.sh'
2015-01-15T11:57:55 [Script] mv: cannot stat ‘/home1/c/changbo/.kde4/share/apps/kio_help/cache’: No such file or directory
2015-01-15T11:57:55 [Script] rmdir: failed to remove ‘/home1/c/changbo/.kde4/share/apps/kio_help’: No such file or directory
2015-01-15T11:57:55 Checking update-file '/usr/share/kde4/apps/kconf_update/konsole.upd' for new updates
2015-01-15T11:57:55 konsole.upd: Found new update '2.9.0-global-options'
2015-01-15T11:57:55 konsole.upd: File 'konsolerc' does not exist or empty, skipping
2015-01-15T11:57:55 konsole.upd: Found new update '2.9.0-colorscheme-bold-key'
2015-01-15T11:57:55 konsole.upd: Running script 'konsole-2.9.0-colorscheme-bold-key.sh'
2015-01-15T11:57:55 konsole.upd: Found new update '2.10.0-remove-menuindex-from-profiles'
2015-01-15T11:57:55 konsole.upd: Running script 'konsole-2.10.0-remove-menuindex-from-profiles.sh'
2015-01-15T11:57:56 Checking update-file '/usr/share/kde4/apps/kconf_update/kscreenlocker_locksession-shortcut.upd' for new updates
2015-01-15T11:57:56 kscreenlocker_locksession-shortcut.upd: Found new update '4.9-locksession-shortcut'
2015-01-15T11:57:56 kscreenlocker_locksession-shortcut.upd: Running script 'force_krunner_lock_shortcut_unreg'
2015-01-15T11:57:56 Checking update-file '/usr/share/kde4/apps/kconf_update/kwin_remove_delay_focus.upd' for new updates
2015-01-15T11:57:56 kwin_remove_delay_focus.upd: Found new update 'Kwin-4.8'
2015-01-15T11:57:56 kwin_remove_delay_focus.upd: Running script 'kwin_remove_delay_focus.sh'
2015-01-15T11:57:56 Checking update-file '/usr/share/kde4/apps/kconf_update/kopete-account-kconf_update.upd' for new updates
2015-01-15T11:57:56 kopete-account-kconf_update.upd: Found new update 'kopete0.7/r1'
2015-01-15T11:57:56 kopete-account-kconf_update.upd: Skipping update 'kopete0.7/r1'
2015-01-15T11:57:56 kopete-account-kconf_update.upd: Found new update 'kopete0.10/r1'
2015-01-15T11:57:56 kopete-account-kconf_update.upd: Skipping update 'kopete0.10/r1'
2015-01-15T11:57:56 Checking update-file '/usr/share/kde4/apps/kconf_update/okular.upd' for new updates
2015-01-15T11:57:56 okular.upd: Found new update 'sep_settings'
2015-01-15T11:57:56 okular.upd: File 'okularpartrc' does not exist or empty, skipping
2015-01-15T11:57:56 Checking update-file '/usr/share/kde4/apps/kconf_update/kuriikwsfilter.upd' for new updates
2015-01-15T11:57:56 kuriikwsfilter.upd: Found new update 'post-kde3.1/cvs'
2015-01-15T11:57:56 kuriikwsfilter.upd: File 'kuriikwsfilterrc' does not exist or empty, skipping
2015-01-15T11:57:56 kuriikwsfilter.upd: Found new update 'pre-kde4.9'
2015-01-15T11:57:56 kuriikwsfilter.upd: File 'kuriikwsfilterrc' does not exist or empty, skipping
2015-01-15T11:57:56 Checking update-file '/usr/share/kde4/apps/kconf_update/amarok.upd' for new updates
2015-01-15T11:57:56 amarok.upd: Found new update '1'
2015-01-15T11:57:56 amarok.upd: File 'amarokrc' does not exist or empty, skipping
2015-01-15T11:57:56 Checking update-file '/usr/share/kde4/apps/kconf_update/kwin_update_410.upd' for new updates
2015-01-15T11:57:56 kwin_update_410.upd: Found new update 'Kwin-4.10_1'
2015-01-15T11:57:56 kwin_update_410.upd: Running script 'kwin_update_settings_410'
2015-01-15T11:57:56 Checking update-file '/usr/share/kde4/apps/kconf_update/kopete-pluginloader2.upd' for new updates
2015-01-15T11:57:56 kopete-pluginloader2.upd: Found new update 'kopete0.8/r1'
2015-01-15T11:57:56 kopete-pluginloader2.upd: Skipping update 'kopete0.8/r1'
2015-01-15T11:57:56 Checking update-file '/usr/share/kde4/apps/kconf_update/kopete-gaim_to_pidgin_style.upd' for new updates
2015-01-15T11:57:56 kopete-gaim_to_pidgin_style.upd: Found new update 'kopete0.70.85/r1'
2015-01-15T11:57:56 kopete-gaim_to_pidgin_style.upd: Running script 'kopete-gaim_to_pidgin_style.pl'
2015-01-15T11:57:56 Checking update-file '/usr/share/kde4/apps/kconf_update/konversation.upd' for new updates
2015-01-15T11:57:56 konversation.upd: Found new update '1.1-rememberline'
2015-01-15T11:57:56 konversation.upd: Skipping update '1.1-rememberline'
2015-01-15T11:57:56 konversation.upd: Found new update '1.1-markerlines'
2015-01-15T11:57:56 konversation.upd: Skipping update '1.1-markerlines'
2015-01-15T11:57:56 konversation.upd: Found new update '0.20-customfonts'
2015-01-15T11:57:56 konversation.upd: Skipping update '0.20-customfonts'
2015-01-15T11:57:56 konversation.upd: Found new update '0.20-quickbuttons'
2015-01-15T11:57:56 konversation.upd: Skipping update '0.20-quickbuttons'
2015-01-15T11:57:56 konversation.upd: Found new update '0.19-notifylists'
2015-01-15T11:57:56 konversation.upd: Skipping update '0.19-notifylists'
2015-01-15T11:57:56 konversation.upd: Found new update '0.19-appearance'
2015-01-15T11:57:56 konversation.upd: Skipping update '0.19-appearance'
2015-01-15T11:57:56 konversation.upd: Found new update '0.19-browser'
2015-01-15T11:57:56 konversation.upd: Skipping update '0.19-browser'
2015-01-15T11:57:56 konversation.upd: Found new update '0.19-flags'
2015-01-15T11:57:56 konversation.upd: Skipping update '0.19-flags'
2015-01-15T11:57:56 konversation.upd: Found new update '0.19-highlightcolors'
2015-01-15T11:57:56 konversation.upd: Skipping update '0.19-highlightcolors'
2015-01-15T11:57:56 konversation.upd: Found new update '0.19-osdcolors'
2015-01-15T11:57:56 konversation.upd: Skipping update '0.19-osdcolors'
2015-01-15T11:57:56 konversation.upd: Found new update '0.19-sortorder'
2015-01-15T11:57:56 konversation.upd: Skipping update '0.19-sortorder'
2015-01-15T11:57:56 konversation.upd: Found new update '0.19-colors'
2015-01-15T11:57:56 konversation.upd: Skipping update '0.19-colors'
2015-01-15T11:57:56 konversation.upd: Found new update '0.19-generaloptions'
2015-01-15T11:57:56 konversation.upd: Skipping update '0.19-generaloptions'
2015-01-15T11:57:56 konversation.upd: Found new update '0.19-cleanup-themes'
2015-01-15T11:57:56 konversation.upd: Skipping update '0.19-cleanup-themes'
2015-01-15T11:57:56 konversation.upd: Found new update '0.19-cleanup-notifylist'
2015-01-15T11:57:56 konversation.upd: Skipping update '0.19-cleanup-notifylist'
2015-01-15T11:57:56 konversation.upd: Found new update '0.19-cleanup-dcc'
2015-01-15T11:57:56 konversation.upd: Skipping update '0.19-cleanup-dcc'
2015-01-15T11:57:56 konversation.upd: Found new update '0.19-cleanup-colors'
2015-01-15T11:57:56 konversation.upd: Skipping update '0.19-cleanup-colors'
2015-01-15T11:57:56 konversation.upd: Found new update '0.19-cleanup-hilightlist'
2015-01-15T11:57:56 konversation.upd: Skipping update '0.19-cleanup-hilightlist'
2015-01-15T11:57:56 konversation.upd: Found new update '0.19-cleanup-notificationmessages'
2015-01-15T11:57:56 konversation.upd: Skipping update '0.19-cleanup-notificationmessages'
2015-01-15T11:57:56 konversation.upd: Found new update '0.19-cleanup-ledcolors'
2015-01-15T11:57:56 konversation.upd: Skipping update '0.19-cleanup-ledcolors'
2015-01-15T11:57:56 konversation.upd: Found new update '0.19-cleanup-kmditaskbar'
2015-01-15T11:57:56 konversation.upd: Skipping update '0.19-cleanup-kmditaskbar'
2015-01-15T11:57:56 konversation.upd: Found new update '0.19-channelsplitter'
2015-01-15T11:57:56 konversation.upd: Skipping update '0.19-channelsplitter'
2015-01-15T11:57:56 Checking update-file '/usr/share/kde4/apps/kconf_update/plasma-to-plasmadesktop-shortcuts.upd' for new updates
2015-01-15T11:57:56 plasma-to-plasmadesktop-shortcuts.upd: Found new update '4.3plasma-desktop-shortcuts'
2015-01-15T11:57:56 Checking update-file '/usr/share/kde4/apps/kconf_update/ksslcertificatemanager.upd' for new updates
2015-01-15T11:57:56 ksslcertificatemanager.upd: Found new update 'kde4.2'
2015-01-15T11:57:56 ksslcertificatemanager.upd: Running script 'ksslcertificatemanager.upd.sh'
2015-01-15T11:57:56 [Script] rm: cannot remove ‘/home1/c/changbo/.kde4//share/config/ksslcertificatemanager’: No such file or directory
2015-01-15T11:57:56 ksslcertificatemanager.upd: !! An error occurred while running 'sh /usr/share/kde4/apps/kconf_update/ksslcertificatemanager.upd.sh'
2015-01-15T11:57:56 Checking update-file '/usr/share/kde4/apps/kconf_update/kwin_update_49.upd' for new updates
2015-01-15T11:57:56 kwin_update_49.upd: Found new update 'Kwin-4.9'
2015-01-15T11:57:56 kwin_update_49.upd: Running script 'kwin_update_settings_49'
2015-01-15T11:57:56 Checking update-file '/usr/share/kde4/apps/kconf_update/kopete-jabberproxytype-kconf_update.upd' for new updates
2015-01-15T11:57:56 kopete-jabberproxytype-kconf_update.upd: Found new update 'kopete0.9/r1'
2015-01-15T11:57:56 kopete-jabberproxytype-kconf_update.upd: Skipping update 'kopete0.9/r1'
2015-01-15T11:57:56 Checking update-file '/usr/share/kde4/apps/kconf_update/newmailnotifier.upd' for new updates
2015-01-15T11:57:56 newmailnotifier.upd: Found new update 'initial-newmailnotifier-migration'
2015-01-15T11:57:56 newmailnotifier.upd: File 'kmail2rc' does not exist or empty, skipping
2015-01-15T11:57:56 Checking update-file '/usr/share/kde4/apps/kconf_update/ksmserver_shortcuts.upd' for new updates
2015-01-15T11:57:56 ksmserver_shortcuts.upd: Found new update 'kde4.10'
2015-01-15T11:57:56 ksmserver_shortcuts.upd: Found new update 'kde4.10-remove-group-kscreenlocker'
2015-01-15T11:57:56 Checking update-file '/usr/share/kde4/apps/kconf_update/plasmarc-to-plasmadesktoprc.upd' for new updates
2015-01-15T11:57:56 plasmarc-to-plasmadesktoprc.upd: Found new update '4.3plasma-desktop'
2015-01-15T11:57:56 plasmarc-to-plasmadesktoprc.upd: Running script 'plasma-to-plasma-desktop'
2015-01-15T11:57:56 Checking update-file '/usr/share/kde4/apps/kconf_update/mailfilteragent.upd' for new updates
2015-01-15T11:57:56 mailfilteragent.upd: Found new update 'initial-mailfilteragent-migration'
2015-01-15T11:57:56 mailfilteragent.upd: File 'kmail2rc' does not exist or empty, skipping
2015-01-15T11:57:56 Checking update-file '/usr/share/kde4/apps/kconf_update/sysinfo_to_kinfocenter.upd' for new updates
2015-01-15T11:57:56 sysinfo_to_kinfocenter.upd: Found new update 'kde4_10'
2015-01-15T11:57:56 sysinfo_to_kinfocenter.upd: Running script 'sysinfo_to_kinfocenter.sh'
2015-01-15T11:57:57 Checking update-file '/usr/share/kde4/apps/kconf_update/kmail.upd' for new updates
2015-01-15T11:57:57 kmail.upd: Found new update '1'
2015-01-15T11:57:57 kmail.upd: File 'kmail2rc' does not exist or empty, skipping
2015-01-15T11:57:57 kmail.upd: Found new update '4'
2015-01-15T11:57:57 kmail.upd: File 'kmail2rc' does not exist or empty, skipping
2015-01-15T11:57:57 kmail.upd: Found new update '5'
2015-01-15T11:57:57 kmail.upd: File 'kmail2rc' does not exist or empty, skipping
2015-01-15T11:57:57 kmail.upd: Skipping update '5'
2015-01-15T11:57:57 kmail.upd: Found new update '6'
2015-01-15T11:57:57 kmail.upd: File 'kmail2rc' does not exist or empty, skipping
2015-01-15T11:57:57 kmail.upd: Found new update '7'
2015-01-15T11:57:57 kmail.upd: File 'kmail2rc' does not exist or empty, skipping
2015-01-15T11:57:57 kmail.upd: Found new update '8'
2015-01-15T11:57:57 kmail.upd: File 'kmail2rc' does not exist or empty, skipping
2015-01-15T11:57:57 kmail.upd: Found new update '9'
2015-01-15T11:57:57 kmail.upd: File 'kmail2rc' does not exist or empty, skipping
2015-01-15T11:57:57 kmail.upd: Found new update '3.1-update-identities'
2015-01-15T11:57:57 kmail.upd: File 'kmail2rc' does not exist or empty, skipping
2015-01-15T11:57:57 kmail.upd: Found new update '3.1-use-identity-uoids'
2015-01-15T11:57:57 kmail.upd: File 'kmail2rc' does not exist or empty, skipping
2015-01-15T11:57:57 kmail.upd: Found new update '3.1-new-mail-notification'
2015-01-15T11:57:57 kmail.upd: File 'kmail2rc' does not exist or empty, skipping
2015-01-15T11:57:57 kmail.upd: Found new update '3.2-update-loop-on-goto-unread-settings'
2015-01-15T11:57:57 kmail.upd: File 'kmail2rc' does not exist or empty, skipping
2015-01-15T11:57:57 kmail.upd: Found new update '3.1.4-dont-use-UOID-0-for-any-identity'
2015-01-15T11:57:57 kmail.upd: File 'kmail2rc' does not exist or empty, skipping
2015-01-15T11:57:57 kmail.upd: Found new update '3.2-misc'
2015-01-15T11:57:57 kmail.upd: File 'kmail2rc' does not exist or empty, skipping
2015-01-15T11:57:57 kmail.upd: Found new update '3.2-moves'
2015-01-15T11:57:57 kmail.upd: File 'kmail2rc' does not exist or empty, skipping
2015-01-15T11:57:57 kmail.upd: Found new update '3.3-use-ID-for-accounts'
2015-01-15T11:57:57 kmail.upd: File 'kmail2rc' does not exist or empty, skipping
2015-01-15T11:57:57 kmail.upd: Found new update '3.3-update-filter-rules'
2015-01-15T11:57:57 kmail.upd: File 'kmail2rc' does not exist or empty, skipping
2015-01-15T11:57:57 kmail.upd: Found new update '3.3-move-identities-to-own-file'
2015-01-15T11:57:57 kmail.upd: File 'kmail2rc' does not exist or empty, skipping
2015-01-15T11:57:57 kmail.upd: Found new update '3.3-aegypten-kpgprc-to-kmailrc'
2015-01-15T11:57:57 kmail.upd: Skipping update '3.3-aegypten-kpgprc-to-kmailrc'
2015-01-15T11:57:57 kmail.upd: Found new update '3.3-aegypten-kpgprc-to-libkleopatrarc'
2015-01-15T11:57:57 kmail.upd: Skipping update '3.3-aegypten-kpgprc-to-libkleopatrarc'
2015-01-15T11:57:57 kmail.upd: Found new update '3.3-aegypten-emailidentities-split-sign-encr-keys'
2015-01-15T11:57:57 kmail.upd: File 'emailidentities' does not exist or empty, skipping
2015-01-15T11:57:57 kmail.upd: Found new update '3.3-misc'
2015-01-15T11:57:57 kmail.upd: File 'kmail2rc' does not exist or empty, skipping
2015-01-15T11:57:57 kmail.upd: Found new update '3.3b1-misc'
2015-01-15T11:57:57 kmail.upd: File 'kmail2rc' does not exist or empty, skipping
2015-01-15T11:57:57 kmail.upd: Found new update '3.4'
2015-01-15T11:57:57 kmail.upd: File 'kmail2rc' does not exist or empty, skipping
2015-01-15T11:57:57 kmail.upd: Found new update '3.4a'
2015-01-15T11:57:57 kmail.upd: File 'kmail2rc' does not exist or empty, skipping
2015-01-15T11:57:57 kmail.upd: Found new update '3.4b'
2015-01-15T11:57:57 kmail.upd: File 'kmail2rc' does not exist or empty, skipping
2015-01-15T11:57:57 kmail.upd: Found new update '3.4.1'
2015-01-15T11:57:57 kmail.upd: File 'kmail2rc' does not exist or empty, skipping
2015-01-15T11:57:57 kmail.upd: Found new update '3.5.4'
2015-01-15T11:57:57 kmail.upd: File 'kmail2rc' does not exist or empty, skipping
2015-01-15T11:57:57 kmail.upd: Found new update '3.5.7-imap-flag-migration'
2015-01-15T11:57:57 kmail.upd: File 'kmail2rc' does not exist or empty, skipping
2015-01-15T11:57:57 kmail.upd: Found new update '4.0-misc'
2015-01-15T11:57:57 kmail.upd: File 'kmail2rc' does not exist or empty, skipping
2015-01-15T11:57:57 kmail.upd: Found new update '4.2'
2015-01-15T11:57:57 kmail.upd: File 'kmail2rc' does not exist or empty, skipping
2015-01-15T11:57:57 kmail.upd: Found new update '4.4-akonadi'
2015-01-15T11:57:57 kmail.upd: File 'kmail2rc' does not exist or empty, skipping
2015-01-15T11:57:57 Checking update-file '/usr/share/kde4/apps/kconf_update/adjustlevelstool.upd' for new updates
2015-01-15T11:57:57 adjustlevelstool.upd: Found new update 'adjustlevels2.6.0'
2015-01-15T11:57:57 adjustlevelstool.upd: File 'digikamrc' does not exist or empty, skipping
2015-01-15T11:57:57 Checking update-file '/usr/share/kde4/apps/kconf_update/plasma-cache.upd' for new updates
2015-01-15T11:57:57 plasma-cache.upd: Found new update '0.6plasma-cache'
2015-01-15T11:57:57 plasma-cache.upd: Running script 'plasma-cache.sh'
2015-01-15T11:57:57 Checking update-file '/usr/share/kde4/apps/kconf_update/korganizer.upd' for new updates
2015-01-15T11:57:57 korganizer.upd: Found new update 'korganizer_3.4_GroupwareCleanup'
2015-01-15T11:57:58 korganizer.upd: Found new update 'korganizer_3.4_WebExport'
2015-01-15T11:57:58 korganizer.upd: Found new update 'korganizer_3.4_FilterAction'
2015-01-15T11:57:58 korganizer.upd: Found new update 'korganizer_3.4_HolidayPlugin'
2015-01-15T11:57:58 korganizer.upd: Found new update 'korganizer_4.3_ShowTodos'
2015-01-15T11:57:58 korganizer.upd: Found new update 'korganizer_4.4_MoveFreeBusy'
2015-01-15T11:57:58 Checking update-file '/usr/share/kde4/apps/kconf_update/kwin_update_tabbox_qml_settings.upd' for new updates
2015-01-15T11:57:58 kwin_update_tabbox_qml_settings.upd: Found new update 'Kwin-4.8'
2015-01-15T11:57:58 kwin_update_tabbox_qml_settings.upd: Running script 'kwin_update_tabbox_qml_settings'
2015-01-15T11:57:58 Checking update-file '/usr/share/kde4/apps/kconf_update/kded.upd' for new updates
2015-01-15T11:57:58 kded.upd: Found new update 'kde3.0'
2015-01-15T11:57:58 Checking update-file '/usr/share/kde4/apps/kconf_update/notifications-to-orgkdenotifications.upd' for new updates
2015-01-15T11:57:58 notifications-to-orgkdenotifications.upd: Found new update '4.10QmlNotifications'
2015-01-15T11:57:58 notifications-to-orgkdenotifications.upd: Running script 'notifications-to-orgkdenotifications'
2015-01-15T11:57:58 Checking update-file '/usr/share/kde4/apps/kconf_update/kopete-update_yahoo_server.upd' for new updates
2015-01-15T11:57:58 kopete-update_yahoo_server.upd: Found new update 'kopete-update-yahoo-server/r1'
2015-01-15T11:57:58 kopete-update_yahoo_server.upd: Running script 'kopete-update_yahoo_server.pl'
2015-01-27T11:57:16 Checking update-file '/usr/share/kde4/apps/kconf_update/kwin_update_411.upd' for new updates
2015-01-27T11:57:16 Checking update-file '/usr/share/kde4/apps/kconf_update/krdb_libpathwipe.upd' for new updates
2015-01-27T11:57:16 Checking update-file '/usr/share/kde4/apps/kconf_update/kwin_update_tabbox_settings.upd' for new updates
2015-01-27T11:57:16 Checking update-file '/usr/share/kde4/apps/kconf_update/oxygen.upd' for new updates
2015-01-27T11:57:16 Checking update-file '/usr/share/kde4/apps/kconf_update/kwin_translate_activity_rule.upd' for new updates
2015-01-27T11:57:16 Checking update-file '/usr/share/kde4/apps/kconf_update/klipper-kconfigxt.upd' for new updates
2015-01-27T11:57:16 Checking update-file '/usr/share/kde4/apps/kconf_update/kwin_remove_effects.upd' for new updates
2015-01-27T11:57:16 Checking update-file '/usr/share/kde4/apps/kconf_update/kwin_fsp_workarounds_1.upd' for new updates
2015-01-27T11:57:16 Checking update-file '/usr/share/kde4/apps/kconf_update/kwin_translate_confrequest_rule.upd' for new updates
2015-01-27T11:57:16 Checking update-file '/usr/share/kde4/apps/kconf_update/plasma-add-shortcut-to-menu.upd' for new updates
2015-01-27T11:57:16 plasma-add-shortcut-to-menu.upd: Found new update '4.1LauncherShortcut'
2015-01-27T11:57:16 plasma-add-shortcut-to-menu.upd:2:'Script=plasma-add-shortcut-to-menu-update': Script 'plasma-add-shortcut-to-menu-update' not found
2015-01-27T11:57:16 Checking update-file '/usr/share/kde4/apps/kconf_update/kscreenlocker_locksession-shortcut.upd' for new updates
2015-01-27T11:57:16 Checking update-file '/usr/share/kde4/apps/kconf_update/kwin_remove_delay_focus.upd' for new updates
2015-01-27T11:57:16 Checking update-file '/usr/share/kde4/apps/kconf_update/kwin_update_410.upd' for new updates
2015-01-27T11:57:16 Checking update-file '/usr/share/kde4/apps/kconf_update/plasma-to-plasmadesktop-shortcuts.upd' for new updates
2015-01-27T11:57:16 Checking update-file '/usr/share/kde4/apps/kconf_update/kwin_update_49.upd' for new updates
2015-01-27T11:57:16 Checking update-file '/usr/share/kde4/apps/kconf_update/ksmserver_shortcuts.upd' for new updates
2015-01-27T11:57:16 Checking update-file '/usr/share/kde4/apps/kconf_update/plasmarc-to-plasmadesktoprc.upd' for new updates
2015-01-27T11:57:16 Checking update-file '/usr/share/kde4/apps/kconf_update/adjustlevelstool.upd' for new updates
2015-01-27T11:57:16 Checking update-file '/usr/share/kde4/apps/kconf_update/kwin_update_tabbox_qml_settings.upd' for new updates
2015-01-27T11:57:16 Checking update-file '/usr/share/kde4/apps/kconf_update/notifications-to-orgkdenotifications.upd' for new updates
2015-01-29T11:57:35 Checking update-file '/usr/share/kde4/apps/kconf_update/kwin_update_411.upd' for new updates
2015-01-29T11:57:35 Checking update-file '/usr/share/kde4/apps/kconf_update/krdb_libpathwipe.upd' for new updates
2015-01-29T11:57:35 Checking update-file '/usr/share/kde4/apps/kconf_update/kwin_update_tabbox_settings.upd' for new updates
2015-01-29T11:57:35 Checking update-file '/usr/share/kde4/apps/kconf_update/oxygen.upd' for new updates
2015-01-29T11:57:35 Checking update-file '/usr/share/kde4/apps/kconf_update/kwin_translate_activity_rule.upd' for new updates
2015-01-29T11:57:35 Checking update-file '/usr/share/kde4/apps/kconf_update/klipper-kconfigxt.upd' for new updates
2015-01-29T11:57:35 Checking update-file '/usr/share/kde4/apps/kconf_update/kwin_remove_effects.upd' for new updates
2015-01-29T11:57:35 Checking update-file '/usr/share/kde4/apps/kconf_update/kwin_fsp_workarounds_1.upd' for new updates
2015-01-29T11:57:35 Checking update-file '/usr/share/kde4/apps/kconf_update/kwin_translate_confrequest_rule.upd' for new updates
2015-01-29T11:57:35 Checking update-file '/usr/share/kde4/apps/kconf_update/plasma-add-shortcut-to-menu.upd' for new updates
2015-01-29T11:57:35 plasma-add-shortcut-to-menu.upd: Found new update '4.1LauncherShortcut'
2015-01-29T11:57:35 plasma-add-shortcut-to-menu.upd:2:'Script=plasma-add-shortcut-to-menu-update': Script 'plasma-add-shortcut-to-menu-update' not found
2015-01-29T11:57:35 Checking update-file '/usr/share/kde4/apps/kconf_update/kscreenlocker_locksession-shortcut.upd' for new updates
2015-01-29T11:57:35 Checking update-file '/usr/share/kde4/apps/kconf_update/kwin_remove_delay_focus.upd' for new updates
2015-01-29T11:57:35 Checking update-file '/usr/share/kde4/apps/kconf_update/kwin_update_410.upd' for new updates
2015-01-29T11:57:35 Checking update-file '/usr/share/kde4/apps/kconf_update/plasma-to-plasmadesktop-shortcuts.upd' for new updates
2015-01-29T11:57:35 Checking update-file '/usr/share/kde4/apps/kconf_update/kwin_update_49.upd' for new updates
2015-01-29T11:57:35 Checking update-file '/usr/share/kde4/apps/kconf_update/ksmserver_shortcuts.upd' for new updates
2015-01-29T11:57:35 Checking update-file '/usr/share/kde4/apps/kconf_update/plasmarc-to-plasmadesktoprc.upd' for new updates
2015-01-29T11:57:35 Checking update-file '/usr/share/kde4/apps/kconf_update/adjustlevelstool.upd' for new updates
2015-01-29T11:57:35 Checking update-file '/usr/share/kde4/apps/kconf_update/kwin_update_tabbox_qml_settings.upd' for new updates
2015-01-29T11:57:35 Checking update-file '/usr/share/kde4/apps/kconf_update/notifications-to-orgkdenotifications.upd' for new updates
2015-02-05T10:23:25 Checking update-file '/usr/share/kde4/apps/kconf_update/kwin_update_411.upd' for new updates
2015-02-05T10:23:25 Checking update-file '/usr/share/kde4/apps/kconf_update/krdb_libpathwipe.upd' for new updates
2015-02-05T10:23:25 Checking update-file '/usr/share/kde4/apps/kconf_update/kwin_update_tabbox_settings.upd' for new updates
2015-02-05T10:23:25 Checking update-file '/usr/share/kde4/apps/kconf_update/oxygen.upd' for new updates
2015-02-05T10:23:25 Checking update-file '/usr/share/kde4/apps/kconf_update/kwin_translate_activity_rule.upd' for new updates
2015-02-05T10:23:25 Checking update-file '/usr/share/kde4/apps/kconf_update/klipper-kconfigxt.upd' for new updates
2015-02-05T10:23:25 Checking update-file '/usr/share/kde4/apps/kconf_update/kwin_remove_effects.upd' for new updates
2015-02-05T10:23:25 Checking update-file '/usr/share/kde4/apps/kconf_update/kwin_fsp_workarounds_1.upd' for new updates
2015-02-05T10:23:25 Checking update-file '/usr/share/kde4/apps/kconf_update/kwin_translate_confrequest_rule.upd' for new updates
2015-02-05T10:23:25 Checking update-file '/usr/share/kde4/apps/kconf_update/plasma-add-shortcut-to-menu.upd' for new updates
2015-02-05T10:23:25 plasma-add-shortcut-to-menu.upd: Found new update '4.1LauncherShortcut'
2015-02-05T10:23:25 plasma-add-shortcut-to-menu.upd:2:'Script=plasma-add-shortcut-to-menu-update': Script 'plasma-add-shortcut-to-menu-update' not found
2015-02-05T10:23:25 Checking update-file '/usr/share/kde4/apps/kconf_update/kscreenlocker_locksession-shortcut.upd' for new updates
2015-02-05T10:23:25 Checking update-file '/usr/share/kde4/apps/kconf_update/kwin_remove_delay_focus.upd' for new updates
2015-02-05T10:23:25 Checking update-file '/usr/share/kde4/apps/kconf_update/kwin_update_410.upd' for new updates
2015-02-05T10:23:25 Checking update-file '/usr/share/kde4/apps/kconf_update/plasma-to-plasmadesktop-shortcuts.upd' for new updates
2015-02-05T10:23:25 Checking update-file '/usr/share/kde4/apps/kconf_update/kwin_update_49.upd' for new updates
2015-02-05T10:23:25 Checking update-file '/usr/share/kde4/apps/kconf_update/ksmserver_shortcuts.upd' for new updates
2015-02-05T10:23:25 Checking update-file '/usr/share/kde4/apps/kconf_update/plasmarc-to-plasmadesktoprc.upd' for new updates
2015-02-05T10:23:25 Checking update-file '/usr/share/kde4/apps/kconf_update/adjustlevelstool.upd' for new updates
2015-02-05T10:23:25 Checking update-file '/usr/share/kde4/apps/kconf_update/kwin_update_tabbox_qml_settings.upd' for new updates
2015-02-05T10:23:25 Checking update-file '/usr/share/kde4/apps/kconf_update/notifications-to-orgkdenotifications.upd' for new updates
2015-04-14T15:10:27 Checking update-file '/usr/share/kde4/apps/kconf_update/devicepreference.upd' for new updates
2015-04-14T15:10:27 Checking update-file '/usr/share/kde4/apps/kconf_update/kwin_update_411.upd' for new updates
2015-04-14T15:10:27 Checking update-file '/usr/share/kde4/apps/kconf_update/drkonqi-rename-config-section.upd' for new updates
2015-04-14T15:10:27 Checking update-file '/usr/share/kde4/apps/kconf_update/krdb_libpathwipe.upd' for new updates
2015-04-14T15:10:27 Checking update-file '/usr/share/kde4/apps/kconf_update/kwin_update_tabbox_settings.upd' for new updates
2015-04-14T15:10:27 Checking update-file '/usr/share/kde4/apps/kconf_update/oxygen.upd' for new updates
2015-04-14T15:10:27 Checking update-file '/usr/share/kde4/apps/kconf_update/kwin_translate_activity_rule.upd' for new updates
2015-04-14T15:10:27 Checking update-file '/usr/share/kde4/apps/kconf_update/klipper-kconfigxt.upd' for new updates
2015-04-14T15:10:27 Checking update-file '/usr/share/kde4/apps/kconf_update/kwin_remove_effects.upd' for new updates
2015-04-14T15:10:27 Checking update-file '/usr/share/kde4/apps/kconf_update/kioslave.upd' for new updates
2015-04-14T15:10:27 kioslave.upd: Found new update 'kde2.2/r1'
2015-04-14T15:10:27 kioslave.upd: Skipping update 'kde2.2/r1'
2015-04-14T15:10:27 kioslave.upd: Found new update 'kde2.2/r2'
2015-04-14T15:10:27 kioslave.upd: Skipping update 'kde2.2/r2'
2015-04-14T15:10:27 Checking update-file '/usr/share/kde4/apps/kconf_update/kwin_fsp_workarounds_1.upd' for new updates
2015-04-14T15:10:27 Checking update-file '/usr/share/kde4/apps/kconf_update/kwin_translate_confrequest_rule.upd' for new updates
2015-04-14T15:10:27 Checking update-file '/usr/share/kde4/apps/kconf_update/kcookiescfg.upd' for new updates
2015-04-14T15:10:27 kcookiescfg.upd: Found new update 'kde2.2/b1'
2015-04-14T15:10:27 kcookiescfg.upd: Skipping update 'kde2.2/b1'
2015-04-14T15:10:27 kcookiescfg.upd: Found new update 'kde3.1/cvs'
2015-04-14T15:10:27 kcookiescfg.upd: Skipping update 'kde3.1/cvs'
2015-04-14T15:10:27 Checking update-file '/usr/share/kde4/apps/kconf_update/plasma-add-shortcut-to-menu.upd' for new updates
2015-04-14T15:10:27 plasma-add-shortcut-to-menu.upd: Found new update '4.1LauncherShortcut'
2015-04-14T15:10:27 plasma-add-shortcut-to-menu.upd:2:'Script=plasma-add-shortcut-to-menu-update': Script 'plasma-add-shortcut-to-menu-update' not found
2015-04-14T15:10:27 Checking update-file '/usr/share/kde4/apps/kconf_update/kio_help.upd' for new updates
2015-04-14T15:10:27 Checking update-file '/usr/share/kde4/apps/kconf_update/kscreenlocker_locksession-shortcut.upd' for new updates
2015-04-14T15:10:27 Checking update-file '/usr/share/kde4/apps/kconf_update/kwin_remove_delay_focus.upd' for new updates
2015-04-14T15:10:27 Checking update-file '/usr/share/kde4/apps/kconf_update/kuriikwsfilter.upd' for new updates
2015-04-14T15:10:27 Checking update-file '/usr/share/kde4/apps/kconf_update/kwin_update_410.upd' for new updates
2015-04-14T15:10:27 Checking update-file '/usr/share/kde4/apps/kconf_update/konversation.upd' for new updates
2015-04-14T15:10:27 konversation.upd: Found new update '1.1-rememberline'
2015-04-14T15:10:27 konversation.upd: Skipping update '1.1-rememberline'
2015-04-14T15:10:27 konversation.upd: Found new update '1.1-markerlines'
2015-04-14T15:10:27 konversation.upd: Skipping update '1.1-markerlines'
2015-04-14T15:10:27 konversation.upd: Found new update '0.20-customfonts'
2015-04-14T15:10:27 konversation.upd: Skipping update '0.20-customfonts'
2015-04-14T15:10:27 konversation.upd: Found new update '0.20-quickbuttons'
2015-04-14T15:10:27 konversation.upd: Skipping update '0.20-quickbuttons'
2015-04-14T15:10:27 konversation.upd: Found new update '0.19-notifylists'
2015-04-14T15:10:27 konversation.upd: Skipping update '0.19-notifylists'
2015-04-14T15:10:27 konversation.upd: Found new update '0.19-appearance'
2015-04-14T15:10:27 konversation.upd: Skipping update '0.19-appearance'
2015-04-14T15:10:27 konversation.upd: Found new update '0.19-browser'
2015-04-14T15:10:27 konversation.upd: Skipping update '0.19-browser'
2015-04-14T15:10:27 konversation.upd: Found new update '0.19-flags'
2015-04-14T15:10:27 konversation.upd: Skipping update '0.19-flags'
2015-04-14T15:10:27 konversation.upd: Found new update '0.19-highlightcolors'
2015-04-14T15:10:27 konversation.upd: Skipping update '0.19-highlightcolors'
2015-04-14T15:10:27 konversation.upd: Found new update '0.19-osdcolors'
2015-04-14T15:10:27 konversation.upd: Skipping update '0.19-osdcolors'
2015-04-14T15:10:27 konversation.upd: Found new update '0.19-sortorder'
2015-04-14T15:10:27 konversation.upd: Skipping update '0.19-sortorder'
2015-04-14T15:10:27 konversation.upd: Found new update '0.19-colors'
2015-04-14T15:10:27 konversation.upd: Skipping update '0.19-colors'
2015-04-14T15:10:27 konversation.upd: Found new update '0.19-generaloptions'
2015-04-14T15:10:27 konversation.upd: Skipping update '0.19-generaloptions'
2015-04-14T15:10:27 konversation.upd: Found new update '0.19-cleanup-themes'
2015-04-14T15:10:27 konversation.upd: Skipping update '0.19-cleanup-themes'
2015-04-14T15:10:27 konversation.upd: Found new update '0.19-cleanup-notifylist'
2015-04-14T15:10:27 konversation.upd: Skipping update '0.19-cleanup-notifylist'
2015-04-14T15:10:27 konversation.upd: Found new update '0.19-cleanup-dcc'
2015-04-14T15:10:27 konversation.upd: Skipping update '0.19-cleanup-dcc'
2015-04-14T15:10:27 konversation.upd: Found new update '0.19-cleanup-colors'
2015-04-14T15:10:27 konversation.upd: Skipping update '0.19-cleanup-colors'
2015-04-14T15:10:27 konversation.upd: Found new update '0.19-cleanup-hilightlist'
2015-04-14T15:10:27 konversation.upd: Skipping update '0.19-cleanup-hilightlist'
2015-04-14T15:10:27 konversation.upd: Found new update '0.19-cleanup-notificationmessages'
2015-04-14T15:10:27 konversation.upd: Skipping update '0.19-cleanup-notificationmessages'
2015-04-14T15:10:27 konversation.upd: Found new update '0.19-cleanup-ledcolors'
2015-04-14T15:10:27 konversation.upd: Skipping update '0.19-cleanup-ledcolors'
2015-04-14T15:10:27 konversation.upd: Found new update '0.19-cleanup-kmditaskbar'
2015-04-14T15:10:27 konversation.upd: Skipping update '0.19-cleanup-kmditaskbar'
2015-04-14T15:10:27 konversation.upd: Found new update '0.19-channelsplitter'
2015-04-14T15:10:27 konversation.upd: Skipping update '0.19-channelsplitter'
2015-04-14T15:10:27 Checking update-file '/usr/share/kde4/apps/kconf_update/plasma-to-plasmadesktop-shortcuts.upd' for new updates
2015-04-14T15:10:27 Checking update-file '/usr/share/kde4/apps/kconf_update/ksslcertificatemanager.upd' for new updates
2015-04-14T15:10:27 Checking update-file '/usr/share/kde4/apps/kconf_update/kwin_update_49.upd' for new updates
2015-04-14T15:10:27 Checking update-file '/usr/share/kde4/apps/kconf_update/ksmserver_shortcuts.upd' for new updates
2015-04-14T15:10:27 Checking update-file '/usr/share/kde4/apps/kconf_update/plasmarc-to-plasmadesktoprc.upd' for new updates
2015-04-14T15:10:27 Checking update-file '/usr/share/kde4/apps/kconf_update/adjustlevelstool.upd' for new updates
2015-04-14T15:10:27 Checking update-file '/usr/share/kde4/apps/kconf_update/kwin_update_tabbox_qml_settings.upd' for new updates
2015-04-14T15:10:27 Checking update-file '/usr/share/kde4/apps/kconf_update/kded.upd' for new updates
2015-04-14T15:10:27 Checking update-file '/usr/share/kde4/apps/kconf_update/notifications-to-orgkdenotifications.upd' for new updates
